2014/07/04 12:11:35 [error] [exception.CDbException] could not find driver
2014/07/04 12:11:35 [error] [exception.CDbException] exception 'CDbException' with message 'CDbConnection failed to open the DB connection.' in /usr/share/nginx/html/yii/framework/db/CDbConnection.php:388
Stack trace:
#0 /usr/share/nginx/html/yii/framework/db/CDbConnection.php(330): CDbConnection->open()
#1 /usr/share/nginx/html/yii/framework/db/CDbConnection.php(308): CDbConnection->setActive(true)
#2 /usr/share/nginx/html/yii/framework/base/CModule.php(387): CDbConnection->init()
#3 /usr/share/nginx/html/yii/framework/base/CApplication.php(450): CModule->getComponent('db')
#4 /usr/share/nginx/html/yii/framework/db/ar/CActiveRecord.php(634): CApplication->getDb()
#5 /usr/share/nginx/html/yii/framework/db/ar/CActiveRecord.php(667): CActiveRecord->getDbConnection()
#6 /usr/share/nginx/html/yii/framework/db/ar/CActiveRecord.php(1595): CActiveRecord->getCommandBuilder()
#7 /usr/share/nginx/html/yii/framework/web/CActiveDataProvider.php(228): CActiveRecord->count(Object(CDbCriteria))
#8 /usr/share/nginx/html/yii/framework/web/CDataProvider.php(224): CActiveDataProvider->calculateTotalItemCount()
#9 /usr/share/nginx/html/yii/framework/web/CActiveDataProvider.php(178): CDataProvider->getTotalItemCount()
#10 /usr/share/nginx/html/yii/framework/web/CDataProvider.php(168): CActiveDataProvider->fetchData()
#11 /usr/share/nginx/html/yii/framework/zii/widgets/CBaseListView.php(111): CDataProvider->getData()
#12 /usr/share/nginx/html/yii/framework/zii/widgets/CListView.php(211): CBaseListView->init()
#13 /usr/share/nginx/html/yii/framework/web/CBaseController.php(147): CListView->init()
#14 /usr/share/nginx/html/yii/framework/web/CBaseController.php(172): CBaseController->createWidget('zii.widgets.CLi...', Array)
#15 /usr/share/nginx/html/yii/demos/blog/protected/views/post/index.php(9): CBaseController->widget('zii.widgets.CLi...', Array)
#16 /usr/share/nginx/html/yii/framework/web/CBaseController.php(126): require('/usr/share/ngin...')
#17 /usr/share/nginx/html/yii/framework/web/CBaseController.php(95): CBaseController->renderInternal('/usr/share/ngin...', Array, true)
#18 /usr/share/nginx/html/yii/framework/web/CController.php(869): CBaseController->renderFile('/usr/share/ngin...', Array, true)
#19 /usr/share/nginx/html/yii/framework/web/CController.php(782): CController->renderPartial('index', Array, true)
#20 /usr/share/nginx/html/yii/demos/blog/protected/controllers/PostController.php(136): CController->render('index', Array)
#21 /usr/share/nginx/html/yii/framework/web/actions/CInlineAction.php(49): PostController->actionIndex()
#22 /usr/share/nginx/html/yii/framework/web/CController.php(308): CInlineAction->runWithParams(Array)
#23 /usr/share/nginx/html/yii/framework/web/filters/CFilterChain.php(133): CController->runAction(Object(CInlineAction))
#24 /usr/share/nginx/html/yii/framework/web/filters/CFilter.php(40): CFilterChain->run()
#25 /usr/share/nginx/html/yii/framework/web/CController.php(1145): CFilter->filter(Object(CFilterChain))
#26 /usr/share/nginx/html/yii/framework/web/filters/CInlineFilter.php(58): CController->filterAccessControl(Object(CFilterChain))
#27 /usr/share/nginx/html/yii/framework/web/filters/CFilterChain.php(130): CInlineFilter->filter(Object(CFilterChain))
#28 /usr/share/nginx/html/yii/framework/web/CController.php(291): CFilterChain->run()
#29 /usr/share/nginx/html/yii/framework/web/CController.php(265): CController->runActionWithFilters(Object(CInlineAction), Array)
#30 /usr/share/nginx/html/yii/framework/web/CWebApplication.php(282): CController->run('')
#31 /usr/share/nginx/html/yii/framework/web/CWebApplication.php(141): CWebApplication->runController('')
#32 /usr/share/nginx/html/yii/framework/base/CApplication.php(180): CWebApplication->processRequest()
#33 /usr/share/nginx/html/yii/demos/blog/index.php(11): CApplication->run()
#34 {main}
REQUEST_URI=/yii/demos/blog/
---
